16:38:42 (9004) INFO ConfigReader Using stryker.conf.json
16:38:43 (9004) DEBUG BroadcastReporter Broadcasting to reporters ["progress","clear-text","html"]
16:38:42 (9004) DEBUG ConfigReader Loading config /home/patricia-correia/sd-022-a-project-react-testing-library/stryker.conf.json
16:38:42 (9004) DEBUG ConfigReader Loaded config: {
  "$schema": "./node_modules/@stryker-mutator/core/schema/stryker-schema.json",
  "mutate": [
    "src/pages/About.js",
    "src/App.js",
    "src/pages/FavoritePokemons.js",
    "src/pages/NotFound.js",
    "src/pages/Pokedex.js",
    "src/components/FavoriteInput.js",
    "src/components/Pokemon.js",
    "src/components/PokemonButtonsPanel.js",
    "src/components/PokemonData.js",
    "src/pages/PokemonDetails.js"
  ],
  "mutator": {
    "name": "javascript",
    "excludedMutations": [
      "ArithmeticOperator",
      "ArrayDeclaration",
      "ArrowFunction",
      "BlockStatement",
      "BooleanLiteral",
      "ConditionalExpression",
      "EqualityOperator",
      "LogicalOperator",
      "ObjectLiteral",
      "UnaryOperator",
      "UpdateOperator"
    ]
  },
  "testRunner": "jest",
  "reporters": [
    "progress",
    "clear-text",
    "html"
  ],
  "coverageAnalysis": "off",
  "jest": {
    "projectType": "create-react-app"
  },
  "allowConsoleColors": true,
  "commandRunner": {
    "command": "npm test"
  },
  "clearTextReporter": {
    "allowColor": true,
    "logTests": true,
    "maxTestsToLog": 3
  },
  "dashboard": {
    "baseUrl": "https://dashboard.stryker-mutator.io/api/reports",
    "reportType": "full"
  },
  "eventReporter": {
    "baseDir": "reports/mutation/events"
  },
  "fileLogLevel": "trace",
  "logLevel": "debug",
  "maxConcurrentTestRunners": 9007199254740991,
  "plugins": [
    "@stryker-mutator/*"
  ],
  "symlinkNodeModules": true,
  "tempDirName": ".stryker-tmp",
  "thresholds": {
    "high": 80,
    "low": 60,
    "break": null
  },
  "timeoutFactor": 1.5,
  "timeoutMS": 5000,
  "transpilers": [],
  "warnings": true,
  "configFile": "/home/patricia-correia/sd-022-a-project-react-testing-library/stryker.conf.json"
}
16:38:42 (9004) DEBUG PluginLoader Loading @stryker-mutator/* from /home/patricia-correia/sd-022-a-project-react-testing-library/node_modules/@stryker-mutator
16:38:42 (9004) DEBUG PluginLoader Loading plugin "/home/patricia-correia/sd-022-a-project-react-testing-library/node_modules/@stryker-mutator/javascript-mutator" (matched with expression @stryker-mutator/*)
16:38:42 (9004) DEBUG PluginLoader Loading plugin "/home/patricia-correia/sd-022-a-project-react-testing-library/node_modules/@stryker-mutator/jest-runner" (matched with expression @stryker-mutator/*)
16:38:42 (9004) DEBUG PluginLoader Loading plugins /home/patricia-correia/sd-022-a-project-react-testing-library/node_modules/@stryker-mutator/javascript-mutator
16:38:42 (9004) DEBUG PluginLoader Loading plugins /home/patricia-correia/sd-022-a-project-react-testing-library/node_modules/@stryker-mutator/jest-runner
16:38:42 (9004) DEBUG PluginLoader Loading plugins /home/patricia-correia/sd-022-a-project-react-testing-library/node_modules/@stryker-mutator/core/src/reporters/index.js
16:38:43 (9004) DEBUG buildSchemaWithPluginContributions Contributing 1 schemas from plugins to options validation.
16:38:43 (9004) INFO InputFileResolver Found 10 of 69 file(s) to be mutated.
16:38:43 (9004) DEBUG InputFileResolver All input files: [
  "/home/patricia-correia/sd-022-a-project-react-testing-library/stryker.log",
  "/home/patricia-correia/sd-022-a-project-react-testing-library/.babelrc.json",
  "/home/patricia-correia/sd-022-a-project-react-testing-library/.eslintignore",
  "/home/patricia-correia/sd-022-a-project-react-testing-library/.eslintrc.json",
  "/home/patricia-correia/sd-022-a-project-react-testing-library/.github/CODEOWNERS",
  "/home/patricia-correia/sd-022-a-project-react-testing-library/.github/workflows/main.yml",
  "/home/patricia-correia/sd-022-a-project-react-testing-library/.gitignore",
  "/home/patricia-correia/sd-022-a-project-react-testing-library/.npmrc",
  "/home/patricia-correia/sd-022-a-project-react-testing-library/.stylelintignore",
  "/home/patricia-correia/sd-022-a-project-react-testing-library/.stylelintrc.json",
  "/home/patricia-correia/sd-022-a-project-react-testing-library/.trybe/requirements.json",
  "/home/patricia-correia/sd-022-a-project-react-testing-library/README.md",
  "/home/patricia-correia/sd-022-a-project-react-testing-library/package-lock.json",
  "/home/patricia-correia/sd-022-a-project-react-testing-library/package.json",
  "/home/patricia-correia/sd-022-a-project-react-testing-library/public/favicon.ico",
  "/home/patricia-correia/sd-022-a-project-react-testing-library/public/index.html",
  "/home/patricia-correia/sd-022-a-project-react-testing-library/public/logo192.png",
  "/home/patricia-correia/sd-022-a-project-react-testing-library/public/logo512.png",
  "/home/patricia-correia/sd-022-a-project-react-testing-library/public/manifest.json",
  "/home/patricia-correia/sd-022-a-project-react-testing-library/public/robots.txt",
  "/home/patricia-correia/sd-022-a-project-react-testing-library/public/star-icon.svg",
  "/home/patricia-correia/sd-022-a-project-react-testing-library/src/App.css",
  "/home/patricia-correia/sd-022-a-project-react-testing-library/src/App.js",
  "/home/patricia-correia/sd-022-a-project-react-testing-library/src/components/Button.js",
  "/home/patricia-correia/sd-022-a-project-react-testing-library/src/components/FavoriteInput.js",
  "/home/patricia-correia/sd-022-a-project-react-testing-library/src/components/Pokemon.js",
  "/home/patricia-correia/sd-022-a-project-react-testing-library/src/components/PokemonButtonsPanel.js",
  "/home/patricia-correia/sd-022-a-project-react-testing-library/src/components/PokemonData.js",
  "/home/patricia-correia/sd-022-a-project-react-testing-library/src/components/button.css",
  "/home/patricia-correia/sd-022-a-project-react-testing-library/src/components/index.js",
  "/home/patricia-correia/sd-022-a-project-react-testing-library/src/components/pokemon.css",
  "/home/patricia-correia/sd-022-a-project-react-testing-library/src/data.js",
  "/home/patricia-correia/sd-022-a-project-react-testing-library/src/index.css",
  "/home/patricia-correia/sd-022-a-project-react-testing-library/src/index.js",
  "/home/patricia-correia/sd-022-a-project-react-testing-library/src/logo.svg",
  "/home/patricia-correia/sd-022-a-project-react-testing-library/src/pages/About.js",
  "/home/patricia-correia/sd-022-a-project-react-testing-library/src/pages/FavoritePokemons.js",
  "/home/patricia-correia/sd-022-a-project-react-testing-library/src/pages/NotFound.js",
  "/home/patricia-correia/sd-022-a-project-react-testing-library/src/pages/Pokedex.js",
  "/home/patricia-correia/sd-022-a-project-react-testing-library/src/pages/PokemonDetails.js",
  "/home/patricia-correia/sd-022-a-project-react-testing-library/src/pages/about.css",
  "/home/patricia-correia/sd-022-a-project-react-testing-library/src/pages/favorite-pokemons.css",
  "/home/patricia-correia/sd-022-a-project-react-testing-library/src/pages/index.js",
  "/home/patricia-correia/sd-022-a-project-react-testing-library/src/pages/not-found.css",
  "/home/patricia-correia/sd-022-a-project-react-testing-library/src/pages/pokedex.css",
  "/home/patricia-correia/sd-022-a-project-react-testing-library/src/pages/pokemon-details.css",
  "/home/patricia-correia/sd-022-a-project-react-testing-library/src/routes/index.js",
  "/home/patricia-correia/sd-022-a-project-react-testing-library/src/serviceWorker.js",
  "/home/patricia-correia/sd-022-a-project-react-testing-library/src/services/pokedexService.js",
  "/home/patricia-correia/sd-022-a-project-react-testing-library/src/setupTests.js",
  "/home/patricia-correia/sd-022-a-project-react-testing-library/src/tests/About.test.js",
  "/home/patricia-correia/sd-022-a-project-react-testing-library/src/tests/App.test.js",
  "/home/patricia-correia/sd-022-a-project-react-testing-library/src/tests/FavoritePokemons.test.js",
  "/home/patricia-correia/sd-022-a-project-react-testing-library/src/tests/NotFound.test.js",
  "/home/patricia-correia/sd-022-a-project-react-testing-library/src/tests/Pokedex.test.js",
  "/home/patricia-correia/sd-022-a-project-react-testing-library/src/tests/Pokemon.test.js",
  "/home/patricia-correia/sd-022-a-project-react-testing-library/src/tests/PokemonDetails.test.js",
  "/home/patricia-correia/sd-022-a-project-react-testing-library/src/types/index.js",
  "/home/patricia-correia/sd-022-a-project-react-testing-library/stryker.conf.json",
  "/home/patricia-correia/sd-022-a-project-react-testing-library/stryker/About.conf.json",
  "/home/patricia-correia/sd-022-a-project-react-testing-library/stryker/App.conf.json",
  "/home/patricia-correia/sd-022-a-project-react-testing-library/stryker/FavoritePokemons.conf.json",
  "/home/patricia-correia/sd-022-a-project-react-testing-library/stryker/NotFound.conf.json",
  "/home/patricia-correia/sd-022-a-project-react-testing-library/stryker/Pokedex.conf.json",
  "/home/patricia-correia/sd-022-a-project-react-testing-library/stryker/Pokemon.conf.json",
  "/home/patricia-correia/sd-022-a-project-react-testing-library/stryker/PokemonDetails.conf.json",
  "/home/patricia-correia/sd-022-a-project-react-testing-library/testefalhando.png",
  "/home/patricia-correia/sd-022-a-project-react-testing-library/testepassando.png",
  "/home/patricia-correia/sd-022-a-project-react-testing-library/trybe.yml"
]
16:38:43 (9004) DEBUG InputFileResolver Files to mutate: [
  "/home/patricia-correia/sd-022-a-project-react-testing-library/src/App.js",
  "/home/patricia-correia/sd-022-a-project-react-testing-library/src/components/FavoriteInput.js",
  "/home/patricia-correia/sd-022-a-project-react-testing-library/src/components/Pokemon.js",
  "/home/patricia-correia/sd-022-a-project-react-testing-library/src/components/PokemonButtonsPanel.js",
  "/home/patricia-correia/sd-022-a-project-react-testing-library/src/components/PokemonData.js",
  "/home/patricia-correia/sd-022-a-project-react-testing-library/src/pages/About.js",
  "/home/patricia-correia/sd-022-a-project-react-testing-library/src/pages/FavoritePokemons.js",
  "/home/patricia-correia/sd-022-a-project-react-testing-library/src/pages/NotFound.js",
  "/home/patricia-correia/sd-022-a-project-react-testing-library/src/pages/Pokedex.js",
  "/home/patricia-correia/sd-022-a-project-react-testing-library/src/pages/PokemonDetails.js"
]
16:38:43 (9004) DEBUG TemporaryDirectory Using temp directory "/home/patricia-correia/sd-022-a-project-react-testing-library/.stryker-tmp"
16:38:43 (9004) DEBUG TestFrameworkOrchestrator The `coverageAnalysis` setting is "off", not hooking into the test framework to achieve performance benefits.
16:38:43 (9004) INFO InitialTestExecutor Starting initial test run. This may take a while.
16:38:43 (9004) DEBUG Sandbox Creating a sandbox for files in /home/patricia-correia/sd-022-a-project-react-testing-library/.stryker-tmp/sandbox8037818
16:38:43 (9004) DEBUG Sandbox Creating test runner 0
16:38:43 (9004) DEBUG ChildProcessProxy Starting /home/patricia-correia/sd-022-a-project-react-testing-library/node_modules/@stryker-mutator/core/src/test-runner/ChildProcessTestRunnerWorker.js in child process 9032
16:38:43 (9004) DEBUG TimeoutDecorator Starting timeout timer (300000 ms) for a test run
16:38:43 (9032) DEBUG ChildProcessProxyWorker Changing current working directory for this process to /home/patricia-correia/sd-022-a-project-react-testing-library/.stryker-tmp/sandbox8037818
16:38:43 (9032) DEBUG PluginLoader Loading @stryker-mutator/* from /home/patricia-correia/sd-022-a-project-react-testing-library/node_modules/@stryker-mutator
16:38:43 (9032) DEBUG PluginLoader Loading plugin "/home/patricia-correia/sd-022-a-project-react-testing-library/node_modules/@stryker-mutator/javascript-mutator" (matched with expression @stryker-mutator/*)
16:38:43 (9032) DEBUG PluginLoader Loading plugin "/home/patricia-correia/sd-022-a-project-react-testing-library/node_modules/@stryker-mutator/jest-runner" (matched with expression @stryker-mutator/*)
16:38:43 (9032) DEBUG PluginLoader Loading plugins /home/patricia-correia/sd-022-a-project-react-testing-library/node_modules/@stryker-mutator/javascript-mutator
16:38:43 (9032) DEBUG PluginLoader Loading plugins /home/patricia-correia/sd-022-a-project-react-testing-library/node_modules/@stryker-mutator/jest-runner
16:38:43 (9032) DEBUG PluginLoader Loading plugins /home/patricia-correia/sd-022-a-project-react-testing-library/node_modules/@stryker-mutator/core/src/reporters/index.js
16:38:43 (9032) TRACE JestTestRunner Merging file-based config {
  "roots": [
    "<rootDir>/src"
  ],
  "collectCoverageFrom": [
    "**/*.{js,jsx}",
    "!src/index.js",
    "!src/serviceWorker.js"
  ],
  "setupFiles": [
    "/home/patricia-correia/sd-022-a-project-react-testing-library/node_modules/react-app-polyfill/jsdom.js"
  ],
  "setupFilesAfterEnv": [
    "<rootDir>/src/setupTests.js"
  ],
  "testMatch": [
    "<rootDir>/src/**/__tests__/**/*.{js,jsx,ts,tsx}",
    "<rootDir>/src/**/*.{spec,test}.{js,jsx,ts,tsx}"
  ],
  "testEnvironment": "jsdom",
  "transform": {
    "^.+\\.(js|jsx|mjs|cjs|ts|tsx)$": "/home/patricia-correia/sd-022-a-project-react-testing-library/node_modules/react-scripts/config/jest/babelTransform.js",
    "^.+\\.css$": "/home/patricia-correia/sd-022-a-project-react-testing-library/node_modules/react-scripts/config/jest/cssTransform.js",
    "^(?!.*\\.(js|jsx|mjs|cjs|ts|tsx|css|json)$)": "/home/patricia-correia/sd-022-a-project-react-testing-library/node_modules/react-scripts/config/jest/fileTransform.js"
  },
  "transformIgnorePatterns": [
    "[/\\\\]node_modules[/\\\\].+\\.(js|jsx|mjs|cjs|ts|tsx)$",
    "^.+\\.module\\.(css|sass|scss)$"
  ],
  "modulePaths": [],
  "moduleNameMapper": {
    "^react-native$": "react-native-web",
    "^.+\\.module\\.(css|sass|scss)$": "identity-obj-proxy"
  },
  "moduleFileExtensions": [
    "web.js",
    "js",
    "web.ts",
    "ts",
    "web.tsx",
    "tsx",
    "json",
    "web.jsx",
    "jsx",
    "node"
  ],
  "watchPlugins": [
    "jest-watch-typeahead/filename",
    "jest-watch-typeahead/testname"
  ],
  "resetMocks": true,
  "rootDir": "/home/patricia-correia/sd-022-a-project-react-testing-library/.stryker-tmp/sandbox8037818"
} 
      with custom config {}
      and default (internal) stryker config [object Object]
16:38:43 (9032) DEBUG JestTestRunner Running jest with --findRelatedTests flag. Set jest.enableFindRelatedTests to false to run all tests on every mutant.
16:38:43 (9032) DEBUG JestTestRunner Project root is /home/patricia-correia/sd-022-a-project-react-testing-library/.stryker-tmp/sandbox8037818
16:38:43 (9032) TRACE JestGreaterThan25Adapter Invoking Jest with config {"roots":["<rootDir>/src"],"collectCoverageFrom":["**/*.{js,jsx}","!src/index.js","!src/serviceWorker.js"],"setupFiles":["/home/patricia-correia/sd-022-a-project-react-testing-library/node_modules/react-app-polyfill/jsdom.js"],"setupFilesAfterEnv":["<rootDir>/src/setupTests.js"],"testMatch":["<rootDir>/src/**/__tests__/**/*.{js,jsx,ts,tsx}","<rootDir>/src/**/*.{spec,test}.{js,jsx,ts,tsx}"],"testEnvironment":"jsdom","transform":{"^.+\\.(js|jsx|mjs|cjs|ts|tsx)$":"/home/patricia-correia/sd-022-a-project-react-testing-library/node_modules/react-scripts/config/jest/babelTransform.js","^.+\\.css$":"/home/patricia-correia/sd-022-a-project-react-testing-library/node_modules/react-scripts/config/jest/cssTransform.js","^(?!.*\\.(js|jsx|mjs|cjs|ts|tsx|css|json)$)":"/home/patricia-correia/sd-022-a-project-react-testing-library/node_modules/react-scripts/config/jest/fileTransform.js"},"transformIgnorePatterns":["[/\\\\]node_modules[/\\\\].+\\.(js|jsx|mjs|cjs|ts|tsx)$","^.+\\.module\\.(css|sass|scss)$"],"modulePaths":[],"moduleNameMapper":{"^react-native$":"react-native-web","^.+\\.module\\.(css|sass|scss)$":"identity-obj-proxy"},"moduleFileExtensions":["web.js","js","web.ts","ts","web.tsx","tsx","json","web.jsx","jsx","node"],"watchPlugins":["jest-watch-typeahead/filename","jest-watch-typeahead/testname"],"resetMocks":true,"rootDir":"/home/patricia-correia/sd-022-a-project-react-testing-library/.stryker-tmp/sandbox8037818","collectCoverage":false,"verbose":false,"bail":false,"notify":false,"reporters":[]}
16:38:45 (9004) TRACE ChildProcessProxy Browserslist: caniuse-lite is outdated. Please run:
  npx browserslist@latest --update-db
  Why you should do it regularly: https://github.com/browserslist/browserslist#browsers-data-updating

16:38:51 (9004) DEBUG ChildProcessProxy Disposing of worker process 9032
16:38:51 (9004) DEBUG ChildProcessProxy Kill 9032
16:38:51 (9004) ERROR InitialTestExecutor One or more tests failed in the initial test run:
	testando o conteúdo da página About
		Error: expect(received).toHaveLength(expected)

Matcher error: received value must have a length property whose value must be a number

Received has type:  object
Received has value: {}
    at Object.<anonymous> (/home/patricia-correia/sd-022-a-project-react-testing-library/.stryker-tmp/sandbox8037818/src/tests/About.test.js:14:23)
    at Promise.then.completed (/home/patricia-correia/sd-022-a-project-react-testing-library/node_modules/jest-circus/build/utils.js:391:28)
    at new Promise (<anonymous>)
    at callAsyncCircusFn (/home/patricia-correia/sd-022-a-project-react-testing-library/node_modules/jest-circus/build/utils.js:316:10)
    at _callCircusTest (/home/patricia-correia/sd-022-a-project-react-testing-library/node_modules/jest-circus/build/run.js:218:40)
    at _runTest (/home/patricia-correia/sd-022-a-project-react-testing-library/node_modules/jest-circus/build/run.js:155:3)
    at _runTestsForDescribeBlock (/home/patricia-correia/sd-022-a-project-react-testing-library/node_modules/jest-circus/build/run.js:66:9)
    at _runTestsForDescribeBlock (/home/patricia-correia/sd-022-a-project-react-testing-library/node_modules/jest-circus/build/run.js:60:9)
    at run (/home/patricia-correia/sd-022-a-project-react-testing-library/node_modules/jest-circus/build/run.js:25:3)
    at runAndTransformResultsToJestFormat (/home/patricia-correia/sd-022-a-project-react-testing-library/node_modules/jest-circus/build/legacy-code-todo-rewrite/jestAdapterInit.js:170:21)
    at jestAdapter (/home/patricia-correia/sd-022-a-project-react-testing-library/node_modules/jest-circus/build/legacy-code-todo-rewrite/jestAdapter.js:82:19)
    at runTestInternal (/home/patricia-correia/sd-022-a-project-react-testing-library/node_modules/jest-runner/build/runTest.js:389:16)
    at runTest (/home/patricia-correia/sd-022-a-project-react-testing-library/node_modules/jest-runner/build/runTest.js:475:34)
	testando rotas
		Error: Invariant failed: You should not use <Switch> outside a <Router>
    at invariant (/home/patricia-correia/sd-022-a-project-react-testing-library/node_modules/tiny-invariant/dist/tiny-invariant.cjs.js:14:11)
    at /home/patricia-correia/sd-022-a-project-react-testing-library/node_modules/react-router/modules/Switch.js:17:11
    at updateContextConsumer (/home/patricia-correia/sd-022-a-project-react-testing-library/node_modules/react-dom/cjs/react-dom.development.js:18304:19)
    at beginWork (/home/patricia-correia/sd-022-a-project-react-testing-library/node_modules/react-dom/cjs/react-dom.development.js:18661:14)
    at HTMLUnknownElement.callCallback (/home/patricia-correia/sd-022-a-project-react-testing-library/node_modules/react-dom/cjs/react-dom.development.js:188:14)
    at HTMLUnknownElement.callTheUserObjectsOperation (/home/patricia-correia/sd-022-a-project-react-testing-library/node_modules/jsdom/lib/jsdom/living/generated/EventListener.js:26:30)
    at innerInvokeEventListeners (/home/patricia-correia/sd-022-a-project-react-testing-library/node_modules/jsdom/lib/jsdom/living/events/EventTarget-impl.js:338:25)
    at invokeEventListeners (/home/patricia-correia/sd-022-a-project-react-testing-library/node_modules/jsdom/lib/jsdom/living/events/EventTarget-impl.js:274:3)
    at HTMLUnknownElementImpl._dispatch (/home/patricia-correia/sd-022-a-project-react-testing-library/node_modules/jsdom/lib/jsdom/living/events/EventTarget-impl.js:221:9)
    at HTMLUnknownElementImpl.dispatchEvent (/home/patricia-correia/sd-022-a-project-react-testing-library/node_modules/jsdom/lib/jsdom/living/events/EventTarget-impl.js:94:17)
    at HTMLUnknownElement.dispatchEvent (/home/patricia-correia/sd-022-a-project-react-testing-library/node_modules/jsdom/lib/jsdom/living/generated/EventTarget.js:231:34)
    at Object.invokeGuardedCallbackDev (/home/patricia-correia/sd-022-a-project-react-testing-library/node_modules/react-dom/cjs/react-dom.development.js:237:16)
    at invokeGuardedCallback (/home/patricia-correia/sd-022-a-project-react-testing-library/node_modules/react-dom/cjs/react-dom.development.js:292:31)
    at beginWork$1 (/home/patricia-correia/sd-022-a-project-react-testing-library/node_modules/react-dom/cjs/react-dom.development.js:23203:7)
    at performUnitOfWork (/home/patricia-correia/sd-022-a-project-react-testing-library/node_modules/react-dom/cjs/react-dom.development.js:22157:12)
    at workLoopSync (/home/patricia-correia/sd-022-a-project-react-testing-library/node_modules/react-dom/cjs/react-dom.development.js:22130:22)
    at performSyncWorkOnRoot (/home/patricia-correia/sd-022-a-project-react-testing-library/node_modules/react-dom/cjs/react-dom.development.js:21756:9)
    at scheduleUpdateOnFiber (/home/patricia-correia/sd-022-a-project-react-testing-library/node_modules/react-dom/cjs/react-dom.development.js:21188:7)
    at updateContainer (/home/patricia-correia/sd-022-a-project-react-testing-library/node_modules/react-dom/cjs/react-dom.development.js:24373:3)
    at /home/patricia-correia/sd-022-a-project-react-testing-library/node_modules/react-dom/cjs/react-dom.development.js:24758:7
    at unbatchedUpdates (/home/patricia-correia/sd-022-a-project-react-testing-library/node_modules/react-dom/cjs/react-dom.development.js:21903:12)
    at legacyRenderSubtreeIntoContainer (/home/patricia-correia/sd-022-a-project-react-testing-library/node_modules/react-dom/cjs/react-dom.development.js:24757:5)
    at Object.render (/home/patricia-correia/sd-022-a-project-react-testing-library/node_modules/react-dom/cjs/react-dom.development.js:24840:10)
    at /home/patricia-correia/sd-022-a-project-react-testing-library/node_modules/@testing-library/react/dist/pure.js:101:25
    at batchedUpdates$1 (/home/patricia-correia/sd-022-a-project-react-testing-library/node_modules/react-dom/cjs/react-dom.development.js:21856:12)
    at act (/home/patricia-correia/sd-022-a-project-react-testing-library/node_modules/react-dom/cjs/react-dom-test-utils.development.js:929:14)
    at render (/home/patricia-correia/sd-022-a-project-react-testing-library/node_modules/@testing-library/react/dist/pure.js:97:26)
    at Object.<anonymous> (/home/patricia-correia/sd-022-a-project-react-testing-library/.stryker-tmp/sandbox8037818/src/tests/App.test.js:8:5)
    at Promise.then.completed (/home/patricia-correia/sd-022-a-project-react-testing-library/node_modules/jest-circus/build/utils.js:391:28)
    at new Promise (<anonymous>)
    at callAsyncCircusFn (/home/patricia-correia/sd-022-a-project-react-testing-library/node_modules/jest-circus/build/utils.js:316:10)
    at _callCircusTest (/home/patricia-correia/sd-022-a-project-react-testing-library/node_modules/jest-circus/build/run.js:218:40)
    at _runTest (/home/patricia-correia/sd-022-a-project-react-testing-library/node_modules/jest-circus/build/run.js:155:3)
    at _runTestsForDescribeBlock (/home/patricia-correia/sd-022-a-project-react-testing-library/node_modules/jest-circus/build/run.js:66:9)
    at _runTestsForDescribeBlock (/home/patricia-correia/sd-022-a-project-react-testing-library/node_modules/jest-circus/build/run.js:60:9)
    at run (/home/patricia-correia/sd-022-a-project-react-testing-library/node_modules/jest-circus/build/run.js:25:3)
    at runAndTransformResultsToJestFormat (/home/patricia-correia/sd-022-a-project-react-testing-library/node_modules/jest-circus/build/legacy-code-todo-rewrite/jestAdapterInit.js:170:21)
    at jestAdapter (/home/patricia-correia/sd-022-a-project-react-testing-library/node_modules/jest-circus/build/legacy-code-todo-rewrite/jestAdapter.js:82:19)
    at runTestInternal (/home/patricia-correia/sd-022-a-project-react-testing-library/node_modules/jest-runner/build/runTest.js:389:16)
    at runTest (/home/patricia-correia/sd-022-a-project-react-testing-library/node_modules/jest-runner/build/runTest.js:475:34)
16:38:51 (9004) ERROR StrykerCli an error occurred Error: There were failed tests in the initial test run.
    at InitialTestExecutor.validateResult (/home/patricia-correia/sd-022-a-project-react-testing-library/node_modules/@stryker-mutator/core/src/process/InitialTestExecutor.js:69:27)
    at InitialTestExecutor.run (/home/patricia-correia/sd-022-a-project-react-testing-library/node_modules/@stryker-mutator/core/src/process/InitialTestExecutor.js:41:14)
    at processTicksAndRejections (node:internal/process/task_queues:96:5)
    at async Stryker.runMutationTest (/home/patricia-correia/sd-022-a-project-react-testing-library/node_modules/@stryker-mutator/core/src/Stryker.js:53:38)
